{"C:\\Users\\szb84\\OneDrive\\Desktop\\Github Projects\\coder-gyan\\auth-service\\src\\app.ts": {"path":"C:\\Users\\szb84\\OneDrive\\Desktop\\Github Projects\\coder-gyan\\auth-service\\src\\app.ts","statementMap":{"0":{"start":{"line":12,"column":25},"end":{"line":12,"column":34}},"1":{"start":{"line":13,"column":0},"end":{"line":13,"column":24}},"2":{"start":{"line":14,"column":0},"end":{"line":14,"column":24}},"3":{"start":{"line":16,"column":0},"end":{"line":18,"column":3}},"4":{"start":{"line":17,"column":4},"end":{"line":17,"column":43}},"5":{"start":{"line":20,"column":0},"end":{"line":20,"column":33}},"6":{"start":{"line":21,"column":0},"end":{"line":21,"column":37}},"7":{"start":{"line":22,"column":0},"end":{"line":22,"column":37}},"8":{"start":{"line":25,"column":0},"end":{"line":36,"column":3}},"9":{"start":{"line":26,"column":4},"end":{"line":26,"column":69}},"10":{"start":{"line":28,"column":4},"end":{"line":35,"column":7}}},"fnMap":{"0":{"name":"(anonymous_0)","decl":{"start":{"line":16,"column":18},"end":{"line":16,"column":23}},"loc":{"start":{"line":16,"column":37},"end":{"line":18,"column":1}}},"1":{"name":"(anonymous_1)","decl":{"start":{"line":25,"column":8},"end":{"line":25,"column":9}},"loc":{"start":{"line":25,"column":78},"end":{"line":36,"column":1}}}},"branchMap":{"0":{"loc":{"start":{"line":26,"column":42},"end":{"line":26,"column":65}},"type":"binary-expr","locations":[{"start":{"line":26,"column":42},"end":{"line":26,"column":58}},{"start":{"line":26,"column":62},"end":{"line":26,"column":65}}]},"1":{"loc":{"start":{"line":28,"column":22},"end":{"line":28,"column":45}},"type":"binary-expr","locations":[{"start":{"line":28,"column":22},"end":{"line":28,"column":38}},{"start":{"line":28,"column":42},"end":{"line":28,"column":45}}]},"2":{"loc":{"start":{"line":31,"column":23},"end":{"line":31,"column":46}},"type":"binary-expr","locations":[{"start":{"line":31,"column":23},"end":{"line":31,"column":39}},{"start":{"line":31,"column":43},"end":{"line":31,"column":46}}]}},"s":{"0":11,"1":11,"2":11,"3":11,"4":0,"5":11,"6":11,"7":11,"8":11,"9":3,"10":3},"f":{"0":0,"1":3},"b":{"0":[3,0],"1":[3,0],"2":[3,0]}}
,"C:\\Users\\szb84\\OneDrive\\Desktop\\Github Projects\\coder-gyan\\auth-service\\src\\config\\db.ts": {"path":"C:\\Users\\szb84\\OneDrive\\Desktop\\Github Projects\\coder-gyan\\auth-service\\src\\config\\db.ts","statementMap":{"0":{"start":{"line":7,"column":25},"end":{"line":7,"column":44}},"1":{"start":{"line":8,"column":0},"end":{"line":10,"column":1}},"2":{"start":{"line":9,"column":4},"end":{"line":9,"column":61}},"3":{"start":{"line":12,"column":16},"end":{"line":12,"column":50}},"4":{"start":{"line":13,"column":15},"end":{"line":13,"column":44}}},"fnMap":{},"branchMap":{"0":{"loc":{"start":{"line":8,"column":0},"end":{"line":10,"column":1}},"type":"if","locations":[{"start":{"line":8,"column":0},"end":{"line":10,"column":1}},{"start":{},"end":{}}]},"1":{"loc":{"start":{"line":8,"column":4},"end":{"line":8,"column":54}},"type":"binary-expr","locations":[{"start":{"line":8,"column":4},"end":{"line":8,"column":21}},{"start":{"line":8,"column":25},"end":{"line":8,"column":54}}]}},"s":{"0":11,"1":11,"2":0,"3":11,"4":11},"f":{},"b":{"0":[0,11],"1":[11,11]}}
,"C:\\Users\\szb84\\OneDrive\\Desktop\\Github Projects\\coder-gyan\\auth-service\\src\\config\\index.ts": {"path":"C:\\Users\\szb84\\OneDrive\\Desktop\\Github Projects\\coder-gyan\\auth-service\\src\\config\\index.ts","statementMap":{"0":{"start":{"line":3,"column":0},"end":{"line":5,"column":3}},"1":{"start":{"line":13,"column":4},"end":{"line":13,"column":15}}},"fnMap":{},"branchMap":{},"s":{"0":11,"1":11},"f":{},"b":{}}
,"C:\\Users\\szb84\\OneDrive\\Desktop\\Github Projects\\coder-gyan\\auth-service\\src\\config\\logger.ts": {"path":"C:\\Users\\szb84\\OneDrive\\Desktop\\Github Projects\\coder-gyan\\auth-service\\src\\config\\logger.ts","statementMap":{"0":{"start":{"line":3,"column":15},"end":{"line":26,"column":2}}},"fnMap":{},"branchMap":{},"s":{"0":11},"f":{},"b":{}}
,"C:\\Users\\szb84\\OneDrive\\Desktop\\Github Projects\\coder-gyan\\auth-service\\src\\controller\\member.ts": {"path":"C:\\Users\\szb84\\OneDrive\\Desktop\\Github Projects\\coder-gyan\\auth-service\\src\\controller\\member.ts","statementMap":{"0":{"start":{"line":7,"column":28},"end":{"line":45,"column":1}},"1":{"start":{"line":12,"column":4},"end":{"line":44,"column":5}},"2":{"start":{"line":13,"column":46},"end":{"line":13,"column":54}},"3":{"start":{"line":15,"column":8},"end":{"line":18,"column":9}},"4":{"start":{"line":16,"column":12},"end":{"line":16,"column":75}},"5":{"start":{"line":17,"column":12},"end":{"line":17,"column":19}},"6":{"start":{"line":20,"column":31},"end":{"line":20,"column":62}},"7":{"start":{"line":22,"column":23},"end":{"line":36,"column":10}},"8":{"start":{"line":38,"column":8},"end":{"line":40,"column":11}},"9":{"start":{"line":42,"column":8},"end":{"line":42,"column":20}},"10":{"start":{"line":43,"column":8},"end":{"line":43,"column":15}},"11":{"start":{"line":47,"column":29},"end":{"line":80,"column":1}},"12":{"start":{"line":52,"column":4},"end":{"line":79,"column":5}},"13":{"start":{"line":53,"column":29},"end":{"line":53,"column":39}},"14":{"start":{"line":55,"column":23},"end":{"line":66,"column":10}},"15":{"start":{"line":68,"column":8},"end":{"line":71,"column":9}},"16":{"start":{"line":69,"column":12},"end":{"line":69,"column":80}},"17":{"start":{"line":70,"column":12},"end":{"line":70,"column":19}},"18":{"start":{"line":73,"column":8},"end":{"line":75,"column":11}},"19":{"start":{"line":77,"column":8},"end":{"line":77,"column":20}},"20":{"start":{"line":78,"column":8},"end":{"line":78,"column":15}},"21":{"start":{"line":82,"column":32},"end":{"line":121,"column":1}},"22":{"start":{"line":87,"column":4},"end":{"line":120,"column":5}},"23":{"start":{"line":88,"column":29},"end":{"line":88,"column":39}},"24":{"start":{"line":90,"column":23},"end":{"line":101,"column":10}},"25":{"start":{"line":103,"column":8},"end":{"line":106,"column":9}},"26":{"start":{"line":104,"column":12},"end":{"line":104,"column":80}},"27":{"start":{"line":105,"column":12},"end":{"line":105,"column":19}},"28":{"start":{"line":108,"column":8},"end":{"line":112,"column":11}},"29":{"start":{"line":114,"column":8},"end":{"line":116,"column":11}},"30":{"start":{"line":118,"column":8},"end":{"line":118,"column":20}},"31":{"start":{"line":119,"column":8},"end":{"line":119,"column":15}},"32":{"start":{"line":123,"column":32},"end":{"line":179,"column":1}},"33":{"start":{"line":128,"column":4},"end":{"line":178,"column":5}},"34":{"start":{"line":129,"column":29},"end":{"line":129,"column":39}},"35":{"start":{"line":130,"column":35},"end":{"line":130,"column":43}},"36":{"start":{"line":132,"column":8},"end":{"line":135,"column":9}},"37":{"start":{"line":133,"column":12},"end":{"line":133,"column":79}},"38":{"start":{"line":134,"column":12},"end":{"line":134,"column":19}},"39":{"start":{"line":137,"column":23},"end":{"line":148,"column":10}},"40":{"start":{"line":150,"column":8},"end":{"line":153,"column":9}},"41":{"start":{"line":151,"column":12},"end":{"line":151,"column":80}},"42":{"start":{"line":152,"column":12},"end":{"line":152,"column":19}},"43":{"start":{"line":155,"column":30},"end":{"line":169,"column":10}},"44":{"start":{"line":171,"column":8},"end":{"line":174,"column":11}},"45":{"start":{"line":176,"column":8},"end":{"line":176,"column":20}},"46":{"start":{"line":177,"column":8},"end":{"line":177,"column":15}},"47":{"start":{"line":180,"column":29},"end":{"line":203,"column":1}},"48":{"start":{"line":185,"column":4},"end":{"line":202,"column":5}},"49":{"start":{"line":186,"column":24},"end":{"line":188,"column":10}},"50":{"start":{"line":190,"column":8},"end":{"line":193,"column":9}},"51":{"start":{"line":191,"column":12},"end":{"line":191,"column":80}},"52":{"start":{"line":192,"column":12},"end":{"line":192,"column":19}},"53":{"start":{"line":195,"column":8},"end":{"line":198,"column":11}},"54":{"start":{"line":200,"column":8},"end":{"line":200,"column":20}},"55":{"start":{"line":201,"column":8},"end":{"line":201,"column":15}}},"fnMap":{"0":{"name":"(anonymous_0)","decl":{"start":{"line":7,"column":28},"end":{"line":7,"column":33}},"loc":{"start":{"line":11,"column":4},"end":{"line":45,"column":1}}},"1":{"name":"(anonymous_1)","decl":{"start":{"line":47,"column":29},"end":{"line":47,"column":34}},"loc":{"start":{"line":51,"column":4},"end":{"line":80,"column":1}}},"2":{"name":"(anonymous_2)","decl":{"start":{"line":82,"column":32},"end":{"line":82,"column":37}},"loc":{"start":{"line":86,"column":4},"end":{"line":121,"column":1}}},"3":{"name":"(anonymous_3)","decl":{"start":{"line":123,"column":32},"end":{"line":123,"column":37}},"loc":{"start":{"line":127,"column":4},"end":{"line":179,"column":1}}},"4":{"name":"(anonymous_4)","decl":{"start":{"line":180,"column":29},"end":{"line":180,"column":34}},"loc":{"start":{"line":184,"column":4},"end":{"line":203,"column":1}}}},"branchMap":{"0":{"loc":{"start":{"line":15,"column":8},"end":{"line":18,"column":9}},"type":"if","locations":[{"start":{"line":15,"column":8},"end":{"line":18,"column":9}},{"start":{},"end":{}}]},"1":{"loc":{"start":{"line":15,"column":12},"end":{"line":15,"column":44}},"type":"binary-expr","locations":[{"start":{"line":15,"column":12},"end":{"line":15,"column":21}},{"start":{"line":15,"column":25},"end":{"line":15,"column":31}},{"start":{"line":15,"column":35},"end":{"line":15,"column":44}}]},"2":{"loc":{"start":{"line":68,"column":8},"end":{"line":71,"column":9}},"type":"if","locations":[{"start":{"line":68,"column":8},"end":{"line":71,"column":9}},{"start":{},"end":{}}]},"3":{"loc":{"start":{"line":103,"column":8},"end":{"line":106,"column":9}},"type":"if","locations":[{"start":{"line":103,"column":8},"end":{"line":106,"column":9}},{"start":{},"end":{}}]},"4":{"loc":{"start":{"line":132,"column":8},"end":{"line":135,"column":9}},"type":"if","locations":[{"start":{"line":132,"column":8},"end":{"line":135,"column":9}},{"start":{},"end":{}}]},"5":{"loc":{"start":{"line":132,"column":12},"end":{"line":132,"column":30}},"type":"binary-expr","locations":[{"start":{"line":132,"column":12},"end":{"line":132,"column":21}},{"start":{"line":132,"column":25},"end":{"line":132,"column":30}}]},"6":{"loc":{"start":{"line":150,"column":8},"end":{"line":153,"column":9}},"type":"if","locations":[{"start":{"line":150,"column":8},"end":{"line":153,"column":9}},{"start":{},"end":{}}]},"7":{"loc":{"start":{"line":190,"column":8},"end":{"line":193,"column":9}},"type":"if","locations":[{"start":{"line":190,"column":8},"end":{"line":193,"column":9}},{"start":{},"end":{}}]}},"s":{"0":11,"1":2,"2":2,"3":2,"4":1,"5":1,"6":1,"7":1,"8":1,"9":0,"10":0,"11":11,"12":1,"13":1,"14":1,"15":1,"16":0,"17":0,"18":1,"19":0,"20":0,"21":11,"22":1,"23":1,"24":1,"25":1,"26":0,"27":0,"28":1,"29":1,"30":0,"31":0,"32":11,"33":2,"34":2,"35":2,"36":2,"37":1,"38":1,"39":1,"40":1,"41":0,"42":0,"43":1,"44":1,"45":0,"46":0,"47":11,"48":1,"49":1,"50":1,"51":0,"52":0,"53":1,"54":0,"55":0},"f":{"0":2,"1":1,"2":1,"3":2,"4":1},"b":{"0":[1,1],"1":[2,2,2],"2":[0,1],"3":[0,1],"4":[1,1],"5":[2,1],"6":[0,1],"7":[0,1]}}
,"C:\\Users\\szb84\\OneDrive\\Desktop\\Github Projects\\coder-gyan\\auth-service\\src\\controller\\tenant.ts": {"path":"C:\\Users\\szb84\\OneDrive\\Desktop\\Github Projects\\coder-gyan\\auth-service\\src\\controller\\tenant.ts","statementMap":{"0":{"start":{"line":5,"column":28},"end":{"line":29,"column":1}},"1":{"start":{"line":10,"column":4},"end":{"line":28,"column":5}},"2":{"start":{"line":11,"column":34},"end":{"line":11,"column":42}},"3":{"start":{"line":12,"column":8},"end":{"line":15,"column":9}},"4":{"start":{"line":13,"column":12},"end":{"line":13,"column":65}},"5":{"start":{"line":14,"column":12},"end":{"line":14,"column":19}},"6":{"start":{"line":17,"column":23},"end":{"line":22,"column":10}},"7":{"start":{"line":24,"column":8},"end":{"line":24,"column":76}},"8":{"start":{"line":26,"column":8},"end":{"line":26,"column":20}},"9":{"start":{"line":27,"column":8},"end":{"line":27,"column":15}},"10":{"start":{"line":31,"column":27},"end":{"line":48,"column":1}},"11":{"start":{"line":36,"column":4},"end":{"line":47,"column":5}},"12":{"start":{"line":37,"column":21},"end":{"line":37,"column":57}},"13":{"start":{"line":39,"column":8},"end":{"line":41,"column":9}},"14":{"start":{"line":40,"column":12},"end":{"line":40,"column":79}},"15":{"start":{"line":43,"column":8},"end":{"line":43,"column":39}},"16":{"start":{"line":45,"column":8},"end":{"line":45,"column":20}},"17":{"start":{"line":46,"column":8},"end":{"line":46,"column":15}},"18":{"start":{"line":50,"column":28},"end":{"line":95,"column":1}},"19":{"start":{"line":55,"column":4},"end":{"line":94,"column":5}},"20":{"start":{"line":56,"column":29},"end":{"line":56,"column":63}},"21":{"start":{"line":57,"column":34},"end":{"line":57,"column":42}},"22":{"start":{"line":59,"column":8},"end":{"line":62,"column":9}},"23":{"start":{"line":60,"column":12},"end":{"line":60,"column":60}},"24":{"start":{"line":61,"column":12},"end":{"line":61,"column":19}},"25":{"start":{"line":64,"column":8},"end":{"line":67,"column":9}},"26":{"start":{"line":65,"column":12},"end":{"line":65,"column":63}},"27":{"start":{"line":66,"column":12},"end":{"line":66,"column":19}},"28":{"start":{"line":69,"column":23},"end":{"line":73,"column":10}},"29":{"start":{"line":75,"column":8},"end":{"line":78,"column":9}},"30":{"start":{"line":76,"column":12},"end":{"line":76,"column":80}},"31":{"start":{"line":77,"column":12},"end":{"line":77,"column":19}},"32":{"start":{"line":82,"column":30},"end":{"line":88,"column":10}},"33":{"start":{"line":90,"column":8},"end":{"line":90,"column":56}},"34":{"start":{"line":92,"column":8},"end":{"line":92,"column":20}},"35":{"start":{"line":93,"column":8},"end":{"line":93,"column":15}},"36":{"start":{"line":96,"column":28},"end":{"line":129,"column":1}},"37":{"start":{"line":101,"column":4},"end":{"line":128,"column":5}},"38":{"start":{"line":102,"column":29},"end":{"line":102,"column":63}},"39":{"start":{"line":104,"column":8},"end":{"line":107,"column":9}},"40":{"start":{"line":105,"column":12},"end":{"line":105,"column":63}},"41":{"start":{"line":106,"column":12},"end":{"line":106,"column":19}},"42":{"start":{"line":109,"column":23},"end":{"line":113,"column":10}},"43":{"start":{"line":115,"column":8},"end":{"line":118,"column":9}},"44":{"start":{"line":116,"column":12},"end":{"line":116,"column":80}},"45":{"start":{"line":117,"column":12},"end":{"line":117,"column":19}},"46":{"start":{"line":122,"column":8},"end":{"line":122,"column":68}},"47":{"start":{"line":124,"column":8},"end":{"line":124,"column":67}},"48":{"start":{"line":126,"column":8},"end":{"line":126,"column":20}},"49":{"start":{"line":127,"column":8},"end":{"line":127,"column":15}},"50":{"start":{"line":130,"column":26},"end":{"line":159,"column":1}},"51":{"start":{"line":135,"column":4},"end":{"line":158,"column":5}},"52":{"start":{"line":136,"column":29},"end":{"line":136,"column":63}},"53":{"start":{"line":138,"column":8},"end":{"line":141,"column":9}},"54":{"start":{"line":139,"column":12},"end":{"line":139,"column":63}},"55":{"start":{"line":140,"column":12},"end":{"line":140,"column":19}},"56":{"start":{"line":143,"column":23},"end":{"line":147,"column":10}},"57":{"start":{"line":149,"column":8},"end":{"line":152,"column":9}},"58":{"start":{"line":150,"column":12},"end":{"line":150,"column":80}},"59":{"start":{"line":151,"column":12},"end":{"line":151,"column":19}},"60":{"start":{"line":154,"column":8},"end":{"line":154,"column":56}},"61":{"start":{"line":156,"column":8},"end":{"line":156,"column":20}},"62":{"start":{"line":157,"column":8},"end":{"line":157,"column":15}}},"fnMap":{"0":{"name":"(anonymous_0)","decl":{"start":{"line":5,"column":28},"end":{"line":5,"column":33}},"loc":{"start":{"line":9,"column":4},"end":{"line":29,"column":1}}},"1":{"name":"(anonymous_1)","decl":{"start":{"line":31,"column":27},"end":{"line":31,"column":32}},"loc":{"start":{"line":35,"column":4},"end":{"line":48,"column":1}}},"2":{"name":"(anonymous_2)","decl":{"start":{"line":50,"column":28},"end":{"line":50,"column":33}},"loc":{"start":{"line":54,"column":4},"end":{"line":95,"column":1}}},"3":{"name":"(anonymous_3)","decl":{"start":{"line":96,"column":28},"end":{"line":96,"column":33}},"loc":{"start":{"line":100,"column":4},"end":{"line":129,"column":1}}},"4":{"name":"(anonymous_4)","decl":{"start":{"line":130,"column":26},"end":{"line":130,"column":31}},"loc":{"start":{"line":134,"column":4},"end":{"line":159,"column":1}}}},"branchMap":{"0":{"loc":{"start":{"line":12,"column":8},"end":{"line":15,"column":9}},"type":"if","locations":[{"start":{"line":12,"column":8},"end":{"line":15,"column":9}},{"start":{},"end":{}}]},"1":{"loc":{"start":{"line":12,"column":12},"end":{"line":12,"column":29}},"type":"binary-expr","locations":[{"start":{"line":12,"column":12},"end":{"line":12,"column":17}},{"start":{"line":12,"column":21},"end":{"line":12,"column":29}}]},"2":{"loc":{"start":{"line":39,"column":8},"end":{"line":41,"column":9}},"type":"if","locations":[{"start":{"line":39,"column":8},"end":{"line":41,"column":9}},{"start":{},"end":{}}]},"3":{"loc":{"start":{"line":59,"column":8},"end":{"line":62,"column":9}},"type":"if","locations":[{"start":{"line":59,"column":8},"end":{"line":62,"column":9}},{"start":{},"end":{}}]},"4":{"loc":{"start":{"line":59,"column":12},"end":{"line":59,"column":29}},"type":"binary-expr","locations":[{"start":{"line":59,"column":12},"end":{"line":59,"column":17}},{"start":{"line":59,"column":21},"end":{"line":59,"column":29}}]},"5":{"loc":{"start":{"line":64,"column":8},"end":{"line":67,"column":9}},"type":"if","locations":[{"start":{"line":64,"column":8},"end":{"line":67,"column":9}},{"start":{},"end":{}}]},"6":{"loc":{"start":{"line":75,"column":8},"end":{"line":78,"column":9}},"type":"if","locations":[{"start":{"line":75,"column":8},"end":{"line":78,"column":9}},{"start":{},"end":{}}]},"7":{"loc":{"start":{"line":104,"column":8},"end":{"line":107,"column":9}},"type":"if","locations":[{"start":{"line":104,"column":8},"end":{"line":107,"column":9}},{"start":{},"end":{}}]},"8":{"loc":{"start":{"line":115,"column":8},"end":{"line":118,"column":9}},"type":"if","locations":[{"start":{"line":115,"column":8},"end":{"line":118,"column":9}},{"start":{},"end":{}}]},"9":{"loc":{"start":{"line":138,"column":8},"end":{"line":141,"column":9}},"type":"if","locations":[{"start":{"line":138,"column":8},"end":{"line":141,"column":9}},{"start":{},"end":{}}]},"10":{"loc":{"start":{"line":149,"column":8},"end":{"line":152,"column":9}},"type":"if","locations":[{"start":{"line":149,"column":8},"end":{"line":152,"column":9}},{"start":{},"end":{}}]}},"s":{"0":11,"1":1,"2":1,"3":1,"4":0,"5":0,"6":1,"7":1,"8":0,"9":0,"10":11,"11":1,"12":1,"13":1,"14":0,"15":1,"16":0,"17":0,"18":11,"19":2,"20":2,"21":2,"22":2,"23":0,"24":0,"25":2,"26":0,"27":0,"28":2,"29":2,"30":0,"31":0,"32":2,"33":2,"34":0,"35":0,"36":11,"37":1,"38":1,"39":1,"40":0,"41":0,"42":1,"43":1,"44":0,"45":0,"46":1,"47":1,"48":0,"49":0,"50":11,"51":1,"52":1,"53":1,"54":0,"55":0,"56":1,"57":1,"58":0,"59":0,"60":1,"61":0,"62":0},"f":{"0":1,"1":1,"2":2,"3":1,"4":1},"b":{"0":[0,1],"1":[1,1],"2":[0,1],"3":[0,2],"4":[2,0],"5":[0,2],"6":[0,2],"7":[0,1],"8":[0,1],"9":[0,1],"10":[0,1]}}
,"C:\\Users\\szb84\\OneDrive\\Desktop\\Github Projects\\coder-gyan\\auth-service\\src\\controller\\user.ts": {"path":"C:\\Users\\szb84\\OneDrive\\Desktop\\Github Projects\\coder-gyan\\auth-service\\src\\controller\\user.ts","statementMap":{"0":{"start":{"line":12,"column":26},"end":{"line":74,"column":1}},"1":{"start":{"line":17,"column":4},"end":{"line":73,"column":5}},"2":{"start":{"line":19,"column":27},"end":{"line":19,"column":48}},"3":{"start":{"line":20,"column":8},"end":{"line":25,"column":9}},"4":{"start":{"line":21,"column":12},"end":{"line":24,"column":15}},"5":{"start":{"line":27,"column":46},"end":{"line":27,"column":54}},"6":{"start":{"line":29,"column":8},"end":{"line":33,"column":9}},"7":{"start":{"line":30,"column":12},"end":{"line":32,"column":15}},"8":{"start":{"line":36,"column":31},"end":{"line":36,"column":62}},"9":{"start":{"line":39,"column":21},"end":{"line":51,"column":10}},"10":{"start":{"line":53,"column":24},"end":{"line":56,"column":10}},"11":{"start":{"line":58,"column":8},"end":{"line":58,"column":42}},"12":{"start":{"line":59,"column":8},"end":{"line":65,"column":10}},"13":{"start":{"line":67,"column":8},"end":{"line":70,"column":11}},"14":{"start":{"line":72,"column":8},"end":{"line":72,"column":20}},"15":{"start":{"line":76,"column":25},"end":{"line":144,"column":1}},"16":{"start":{"line":81,"column":4},"end":{"line":143,"column":5}},"17":{"start":{"line":83,"column":27},"end":{"line":83,"column":48}},"18":{"start":{"line":84,"column":8},"end":{"line":89,"column":9}},"19":{"start":{"line":85,"column":12},"end":{"line":88,"column":15}},"20":{"start":{"line":91,"column":36},"end":{"line":91,"column":44}},"21":{"start":{"line":94,"column":21},"end":{"line":98,"column":10}},"22":{"start":{"line":100,"column":8},"end":{"line":103,"column":9}},"23":{"start":{"line":101,"column":12},"end":{"line":101,"column":59}},"24":{"start":{"line":102,"column":12},"end":{"line":102,"column":19}},"25":{"start":{"line":106,"column":30},"end":{"line":106,"column":74}},"26":{"start":{"line":108,"column":8},"end":{"line":111,"column":9}},"27":{"start":{"line":109,"column":12},"end":{"line":109,"column":59}},"28":{"start":{"line":110,"column":12},"end":{"line":110,"column":19}},"29":{"start":{"line":115,"column":8},"end":{"line":119,"column":11}},"30":{"start":{"line":121,"column":24},"end":{"line":124,"column":10}},"31":{"start":{"line":127,"column":8},"end":{"line":127,"column":42}},"32":{"start":{"line":128,"column":8},"end":{"line":134,"column":10}},"33":{"start":{"line":136,"column":8},"end":{"line":139,"column":11}},"34":{"start":{"line":141,"column":8},"end":{"line":141,"column":41}},"35":{"start":{"line":142,"column":8},"end":{"line":142,"column":15}},"36":{"start":{"line":146,"column":28},"end":{"line":161,"column":1}},"37":{"start":{"line":151,"column":4},"end":{"line":160,"column":5}},"38":{"start":{"line":152,"column":20},"end":{"line":152,"column":44}},"39":{"start":{"line":153,"column":8},"end":{"line":155,"column":9}},"40":{"start":{"line":154,"column":12},"end":{"line":154,"column":57}},"41":{"start":{"line":156,"column":8},"end":{"line":156,"column":58}},"42":{"start":{"line":158,"column":8},"end":{"line":158,"column":41}},"43":{"start":{"line":159,"column":8},"end":{"line":159,"column":15}},"44":{"start":{"line":163,"column":29},"end":{"line":220,"column":1}},"45":{"start":{"line":168,"column":4},"end":{"line":219,"column":5}},"46":{"start":{"line":169,"column":20},"end":{"line":169,"column":44}},"47":{"start":{"line":170,"column":22},"end":{"line":174,"column":10}},"48":{"start":{"line":176,"column":8},"end":{"line":179,"column":9}},"49":{"start":{"line":177,"column":12},"end":{"line":177,"column":57}},"50":{"start":{"line":178,"column":12},"end":{"line":178,"column":19}},"51":{"start":{"line":182,"column":8},"end":{"line":191,"column":9}},"52":{"start":{"line":183,"column":12},"end":{"line":187,"column":15}},"53":{"start":{"line":189,"column":12},"end":{"line":189,"column":65}},"54":{"start":{"line":190,"column":12},"end":{"line":190,"column":19}},"55":{"start":{"line":193,"column":8},"end":{"line":198,"column":9}},"56":{"start":{"line":194,"column":12},"end":{"line":194,"column":63}},"57":{"start":{"line":195,"column":12},"end":{"line":197,"column":69}},"58":{"start":{"line":200,"column":24},"end":{"line":203,"column":10}},"59":{"start":{"line":206,"column":8},"end":{"line":210,"column":11}},"60":{"start":{"line":212,"column":8},"end":{"line":212,"column":42}},"61":{"start":{"line":213,"column":8},"end":{"line":213,"column":69}},"62":{"start":{"line":215,"column":8},"end":{"line":215,"column":65}},"63":{"start":{"line":217,"column":8},"end":{"line":217,"column":20}},"64":{"start":{"line":218,"column":8},"end":{"line":218,"column":15}},"65":{"start":{"line":222,"column":26},"end":{"line":245,"column":1}},"66":{"start":{"line":227,"column":4},"end":{"line":244,"column":5}},"67":{"start":{"line":228,"column":20},"end":{"line":228,"column":44}},"68":{"start":{"line":230,"column":8},"end":{"line":234,"column":11}},"69":{"start":{"line":237,"column":8},"end":{"line":237,"column":39}},"70":{"start":{"line":238,"column":8},"end":{"line":238,"column":40}},"71":{"start":{"line":240,"column":8},"end":{"line":240,"column":55}},"72":{"start":{"line":242,"column":8},"end":{"line":242,"column":41}},"73":{"start":{"line":243,"column":8},"end":{"line":243,"column":15}}},"fnMap":{"0":{"name":"(anonymous_0)","decl":{"start":{"line":12,"column":26},"end":{"line":12,"column":31}},"loc":{"start":{"line":16,"column":4},"end":{"line":74,"column":1}}},"1":{"name":"(anonymous_1)","decl":{"start":{"line":76,"column":25},"end":{"line":76,"column":30}},"loc":{"start":{"line":80,"column":4},"end":{"line":144,"column":1}}},"2":{"name":"(anonymous_2)","decl":{"start":{"line":146,"column":28},"end":{"line":146,"column":33}},"loc":{"start":{"line":150,"column":4},"end":{"line":161,"column":1}}},"3":{"name":"(anonymous_3)","decl":{"start":{"line":163,"column":29},"end":{"line":163,"column":34}},"loc":{"start":{"line":167,"column":4},"end":{"line":220,"column":1}}},"4":{"name":"(anonymous_4)","decl":{"start":{"line":222,"column":26},"end":{"line":222,"column":31}},"loc":{"start":{"line":226,"column":4},"end":{"line":245,"column":1}}}},"branchMap":{"0":{"loc":{"start":{"line":20,"column":8},"end":{"line":25,"column":9}},"type":"if","locations":[{"start":{"line":20,"column":8},"end":{"line":25,"column":9}},{"start":{},"end":{}}]},"1":{"loc":{"start":{"line":29,"column":8},"end":{"line":33,"column":9}},"type":"if","locations":[{"start":{"line":29,"column":8},"end":{"line":33,"column":9}},{"start":{},"end":{}}]},"2":{"loc":{"start":{"line":29,"column":12},"end":{"line":29,"column":44}},"type":"binary-expr","locations":[{"start":{"line":29,"column":12},"end":{"line":29,"column":21}},{"start":{"line":29,"column":25},"end":{"line":29,"column":31}},{"start":{"line":29,"column":35},"end":{"line":29,"column":44}}]},"3":{"loc":{"start":{"line":84,"column":8},"end":{"line":89,"column":9}},"type":"if","locations":[{"start":{"line":84,"column":8},"end":{"line":89,"column":9}},{"start":{},"end":{}}]},"4":{"loc":{"start":{"line":100,"column":8},"end":{"line":103,"column":9}},"type":"if","locations":[{"start":{"line":100,"column":8},"end":{"line":103,"column":9}},{"start":{},"end":{}}]},"5":{"loc":{"start":{"line":108,"column":8},"end":{"line":111,"column":9}},"type":"if","locations":[{"start":{"line":108,"column":8},"end":{"line":111,"column":9}},{"start":{},"end":{}}]},"6":{"loc":{"start":{"line":153,"column":8},"end":{"line":155,"column":9}},"type":"if","locations":[{"start":{"line":153,"column":8},"end":{"line":155,"column":9}},{"start":{},"end":{}}]},"7":{"loc":{"start":{"line":176,"column":8},"end":{"line":179,"column":9}},"type":"if","locations":[{"start":{"line":176,"column":8},"end":{"line":179,"column":9}},{"start":{},"end":{}}]},"8":{"loc":{"start":{"line":182,"column":8},"end":{"line":191,"column":9}},"type":"if","locations":[{"start":{"line":182,"column":8},"end":{"line":191,"column":9}},{"start":{"line":188,"column":15},"end":{"line":191,"column":9}}]},"9":{"loc":{"start":{"line":193,"column":8},"end":{"line":198,"column":9}},"type":"if","locations":[{"start":{"line":193,"column":8},"end":{"line":198,"column":9}},{"start":{},"end":{}}]}},"s":{"0":11,"1":9,"2":9,"3":9,"4":3,"5":6,"6":6,"7":0,"8":6,"9":6,"10":6,"11":6,"12":6,"13":6,"14":0,"15":11,"16":3,"17":3,"18":3,"19":0,"20":3,"21":3,"22":3,"23":0,"24":0,"25":3,"26":3,"27":0,"28":0,"29":3,"30":3,"31":3,"32":3,"33":3,"34":0,"35":0,"36":11,"37":1,"38":1,"39":1,"40":0,"41":1,"42":0,"43":0,"44":11,"45":1,"46":1,"47":1,"48":1,"49":0,"50":0,"51":1,"52":1,"53":0,"54":0,"55":1,"56":0,"57":0,"58":1,"59":1,"60":1,"61":1,"62":1,"63":0,"64":0,"65":11,"66":1,"67":1,"68":1,"69":1,"70":1,"71":1,"72":0,"73":0},"f":{"0":9,"1":3,"2":1,"3":1,"4":1},"b":{"0":[3,6],"1":[0,6],"2":[6,6,6],"3":[0,3],"4":[0,3],"5":[0,3],"6":[0,1],"7":[0,1],"8":[1,0],"9":[0,1]}}
,"C:\\Users\\szb84\\OneDrive\\Desktop\\Github Projects\\coder-gyan\\auth-service\\src\\generated\\prisma\\client.ts": {"path":"C:\\Users\\szb84\\OneDrive\\Desktop\\Github Projects\\coder-gyan\\auth-service\\src\\generated\\prisma\\client.ts","statementMap":{"0":{"start":{"line":16,"column":0},"end":{"line":16,"column":null}},"1":{"start":{"line":40,"column":28},"end":{"line":40,"column":57}}},"fnMap":{},"branchMap":{},"s":{"0":11,"1":11},"f":{},"b":{}}
,"C:\\Users\\szb84\\OneDrive\\Desktop\\Github Projects\\coder-gyan\\auth-service\\src\\generated\\prisma\\enums.ts": {"path":"C:\\Users\\szb84\\OneDrive\\Desktop\\Github Projects\\coder-gyan\\auth-service\\src\\generated\\prisma\\enums.ts","statementMap":{"0":{"start":{"line":12,"column":24},"end":{"line":16,"column":null}}},"fnMap":{},"branchMap":{},"s":{"0":11},"f":{},"b":{}}
,"C:\\Users\\szb84\\OneDrive\\Desktop\\Github Projects\\coder-gyan\\auth-service\\src\\generated\\prisma\\internal\\class.ts": {"path":"C:\\Users\\szb84\\OneDrive\\Desktop\\Github Projects\\coder-gyan\\auth-service\\src\\generated\\prisma\\internal\\class.ts","statementMap":{"0":{"start":{"line":18,"column":46},"end":{"line":33,"column":null}},"1":{"start":{"line":35,"column":0},"end":{"line":35,"column":null}},"2":{"start":{"line":36,"column":0},"end":{"line":39,"column":null}},"3":{"start":{"line":42,"column":21},"end":{"line":42,"column":48}},"4":{"start":{"line":43,"column":20},"end":{"line":43,"column":53}},"5":{"start":{"line":44,"column":2},"end":{"line":44,"column":null}},"6":{"start":{"line":47,"column":0},"end":{"line":56,"column":null}},"7":{"start":{"line":48,"column":26},"end":{"line":48,"column":102}},"8":{"start":{"line":51,"column":21},"end":{"line":51,"column":109}},"9":{"start":{"line":52,"column":4},"end":{"line":52,"column":null}},"10":{"start":{"line":223,"column":2},"end":{"line":223,"column":null}}},"fnMap":{"0":{"name":"decodeBase64AsWasm","decl":{"start":{"line":41,"column":15},"end":{"line":41,"column":33}},"loc":{"start":{"line":41,"column":52},"end":{"line":45,"column":1}}},"1":{"name":"(anonymous_1)","decl":{"start":{"line":48,"column":14},"end":{"line":48,"column":19}},"loc":{"start":{"line":48,"column":26},"end":{"line":48,"column":102}}},"2":{"name":"(anonymous_2)","decl":{"start":{"line":50,"column":30},"end":{"line":50,"column":35}},"loc":{"start":{"line":50,"column":41},"end":{"line":53,"column":3}}},"3":{"name":"getPrismaClientClass","decl":{"start":{"line":222,"column":16},"end":{"line":222,"column":36}},"loc":{"start":{"line":222,"column":36},"end":{"line":224,"column":1}}}},"branchMap":{},"s":{"0":11,"1":11,"2":11,"3":11,"4":11,"5":11,"6":11,"7":11,"8":11,"9":11,"10":11},"f":{"0":11,"1":11,"2":11,"3":11},"b":{}}
,"C:\\Users\\szb84\\OneDrive\\Desktop\\Github Projects\\coder-gyan\\auth-service\\src\\generated\\prisma\\internal\\prismaNamespace.ts": {"path":"C:\\Users\\szb84\\OneDrive\\Desktop\\Github Projects\\coder-gyan\\auth-service\\src\\generated\\prisma\\internal\\prismaNamespace.ts","statementMap":{"0":{"start":{"line":32,"column":45},"end":{"line":32,"column":82}},"1":{"start":{"line":35,"column":47},"end":{"line":35,"column":86}},"2":{"start":{"line":38,"column":42},"end":{"line":38,"column":76}},"3":{"start":{"line":41,"column":47},"end":{"line":41,"column":86}},"4":{"start":{"line":44,"column":43},"end":{"line":44,"column":78}},"5":{"start":{"line":50,"column":19},"end":{"line":50,"column":33}},"6":{"start":{"line":51,"column":21},"end":{"line":51,"column":34}},"7":{"start":{"line":52,"column":20},"end":{"line":52,"column":32}},"8":{"start":{"line":53,"column":19},"end":{"line":53,"column":30}},"9":{"start":{"line":54,"column":19},"end":{"line":54,"column":30}},"10":{"start":{"line":62,"column":23},"end":{"line":62,"column":38}},"11":{"start":{"line":71,"column":35},"end":{"line":71,"column":73}},"12":{"start":{"line":86,"column":44},"end":{"line":89,"column":null}},"13":{"start":{"line":104,"column":25},"end":{"line":108,"column":null}},"14":{"start":{"line":114,"column":22},"end":{"line":114,"column":36}},"15":{"start":{"line":121,"column":24},"end":{"line":121,"column":40}},"16":{"start":{"line":128,"column":23},"end":{"line":128,"column":38}},"17":{"start":{"line":386,"column":25},"end":{"line":390,"column":null}},"18":{"start":{"line":660,"column":41},"end":{"line":665,"column":11}},"19":{"start":{"line":670,"column":35},"end":{"line":679,"column":null}},"20":{"start":{"line":684,"column":43},"end":{"line":689,"column":null}},"21":{"start":{"line":694,"column":41},"end":{"line":698,"column":null}},"22":{"start":{"line":703,"column":25},"end":{"line":706,"column":null}},"23":{"start":{"line":711,"column":25},"end":{"line":714,"column":null}},"24":{"start":{"line":719,"column":26},"end":{"line":722,"column":null}},"25":{"start":{"line":795,"column":31},"end":{"line":795,"column":175}}},"fnMap":{},"branchMap":{},"s":{"0":11,"1":11,"2":11,"3":11,"4":11,"5":11,"6":11,"7":11,"8":11,"9":11,"10":11,"11":11,"12":11,"13":11,"14":11,"15":11,"16":11,"17":11,"18":11,"19":11,"20":11,"21":11,"22":11,"23":11,"24":11,"25":11},"f":{},"b":{}}
,"C:\\Users\\szb84\\OneDrive\\Desktop\\Github Projects\\coder-gyan\\auth-service\\src\\middleware\\authentication.ts": {"path":"C:\\Users\\szb84\\OneDrive\\Desktop\\Github Projects\\coder-gyan\\auth-service\\src\\middleware\\authentication.ts","statementMap":{"0":{"start":{"line":14,"column":22},"end":{"line":14,"column":62}},"1":{"start":{"line":15,"column":8},"end":{"line":17,"column":9}},"2":{"start":{"line":16,"column":12},"end":{"line":16,"column":25}},"3":{"start":{"line":19,"column":32},"end":{"line":19,"column":43}},"4":{"start":{"line":21,"column":8},"end":{"line":23,"column":9}},"5":{"start":{"line":22,"column":12},"end":{"line":22,"column":31}},"6":{"start":{"line":25,"column":8},"end":{"line":25,"column":25}}},"fnMap":{"0":{"name":"(anonymous_0)","decl":{"start":{"line":13,"column":14},"end":{"line":13,"column":15}},"loc":{"start":{"line":13,"column":31},"end":{"line":26,"column":5}}}},"branchMap":{"0":{"loc":{"start":{"line":15,"column":8},"end":{"line":17,"column":9}},"type":"if","locations":[{"start":{"line":15,"column":8},"end":{"line":17,"column":9}},{"start":{},"end":{}}]},"1":{"loc":{"start":{"line":21,"column":8},"end":{"line":23,"column":9}},"type":"if","locations":[{"start":{"line":21,"column":8},"end":{"line":23,"column":9}},{"start":{},"end":{}}]}},"s":{"0":16,"1":16,"2":0,"3":16,"4":16,"5":16,"6":0},"f":{"0":16},"b":{"0":[0,16],"1":[16,0]}}
,"C:\\Users\\szb84\\OneDrive\\Desktop\\Github Projects\\coder-gyan\\auth-service\\src\\middleware\\parseRefreshToken.ts": {"path":"C:\\Users\\szb84\\OneDrive\\Desktop\\Github Projects\\coder-gyan\\auth-service\\src\\middleware\\parseRefreshToken.ts","statementMap":{"0":{"start":{"line":9,"column":33},"end":{"line":9,"column":44}},"1":{"start":{"line":10,"column":8},"end":{"line":10,"column":28}}},"fnMap":{"0":{"name":"(anonymous_0)","decl":{"start":{"line":8,"column":14},"end":{"line":8,"column":15}},"loc":{"start":{"line":8,"column":31},"end":{"line":11,"column":5}}}},"branchMap":{},"s":{"0":1,"1":1},"f":{"0":1},"b":{}}
,"C:\\Users\\szb84\\OneDrive\\Desktop\\Github Projects\\coder-gyan\\auth-service\\src\\middleware\\tokenValidation.ts": {"path":"C:\\Users\\szb84\\OneDrive\\Desktop\\Github Projects\\coder-gyan\\auth-service\\src\\middleware\\tokenValidation.ts","statementMap":{"0":{"start":{"line":10,"column":33},"end":{"line":10,"column":44}},"1":{"start":{"line":11,"column":8},"end":{"line":11,"column":28}},"2":{"start":{"line":14,"column":35},"end":{"line":18,"column":10}},"3":{"start":{"line":20,"column":8},"end":{"line":20,"column":43}}},"fnMap":{"0":{"name":"(anonymous_0)","decl":{"start":{"line":9,"column":14},"end":{"line":9,"column":15}},"loc":{"start":{"line":9,"column":31},"end":{"line":12,"column":5}}},"1":{"name":"(anonymous_1)","decl":{"start":{"line":13,"column":4},"end":{"line":13,"column":9}},"loc":{"start":{"line":13,"column":39},"end":{"line":21,"column":5}}}},"branchMap":{},"s":{"0":1,"1":1,"2":1,"3":1},"f":{"0":1,"1":1},"b":{}}
,"C:\\Users\\szb84\\OneDrive\\Desktop\\Github Projects\\coder-gyan\\auth-service\\src\\routes\\member.routes.ts": {"path":"C:\\Users\\szb84\\OneDrive\\Desktop\\Github Projects\\coder-gyan\\auth-service\\src\\routes\\member.routes.ts","statementMap":{"0":{"start":{"line":14,"column":22},"end":{"line":14,"column":38}},"1":{"start":{"line":16,"column":0},"end":{"line":21,"column":2}},"2":{"start":{"line":22,"column":0},"end":{"line":27,"column":2}},"3":{"start":{"line":28,"column":0},"end":{"line":33,"column":2}},"4":{"start":{"line":34,"column":0},"end":{"line":39,"column":2}},"5":{"start":{"line":40,"column":0},"end":{"line":45,"column":2}}},"fnMap":{},"branchMap":{},"s":{"0":11,"1":11,"2":11,"3":11,"4":11,"5":11},"f":{},"b":{}}
,"C:\\Users\\szb84\\OneDrive\\Desktop\\Github Projects\\coder-gyan\\auth-service\\src\\routes\\tenant.routes.ts": {"path":"C:\\Users\\szb84\\OneDrive\\Desktop\\Github Projects\\coder-gyan\\auth-service\\src\\routes\\tenant.routes.ts","statementMap":{"0":{"start":{"line":16,"column":22},"end":{"line":16,"column":38}},"1":{"start":{"line":18,"column":0},"end":{"line":24,"column":2}},"2":{"start":{"line":25,"column":0},"end":{"line":25,"column":80}},"3":{"start":{"line":26,"column":0},"end":{"line":32,"column":2}},"4":{"start":{"line":33,"column":0},"end":{"line":38,"column":2}},"5":{"start":{"line":39,"column":0},"end":{"line":44,"column":2}}},"fnMap":{},"branchMap":{},"s":{"0":11,"1":11,"2":11,"3":11,"4":11,"5":11},"f":{},"b":{}}
,"C:\\Users\\szb84\\OneDrive\\Desktop\\Github Projects\\coder-gyan\\auth-service\\src\\routes\\user.routes.ts": {"path":"C:\\Users\\szb84\\OneDrive\\Desktop\\Github Projects\\coder-gyan\\auth-service\\src\\routes\\user.routes.ts","statementMap":{"0":{"start":{"line":16,"column":22},"end":{"line":16,"column":38}},"1":{"start":{"line":18,"column":0},"end":{"line":18,"column":59}},"2":{"start":{"line":19,"column":0},"end":{"line":19,"column":52}},"3":{"start":{"line":20,"column":0},"end":{"line":20,"column":49}},"4":{"start":{"line":21,"column":0},"end":{"line":21,"column":62}},"5":{"start":{"line":22,"column":0},"end":{"line":22,"column":73}}},"fnMap":{},"branchMap":{},"s":{"0":11,"1":11,"2":11,"3":11,"4":11,"5":11},"f":{},"b":{}}
,"C:\\Users\\szb84\\OneDrive\\Desktop\\Github Projects\\coder-gyan\\auth-service\\src\\services\\HashMatchPass.ts": {"path":"C:\\Users\\szb84\\OneDrive\\Desktop\\Github Projects\\coder-gyan\\auth-service\\src\\services\\HashMatchPass.ts","statementMap":{"0":{"start":{"line":3,"column":22},"end":{"line":8,"column":1}},"1":{"start":{"line":7,"column":4},"end":{"line":7,"column":62}}},"fnMap":{"0":{"name":"(anonymous_0)","decl":{"start":{"line":3,"column":22},"end":{"line":3,"column":27}},"loc":{"start":{"line":6,"column":22},"end":{"line":8,"column":1}}}},"branchMap":{},"s":{"0":11,"1":3},"f":{"0":3},"b":{}}
,"C:\\Users\\szb84\\OneDrive\\Desktop\\Github Projects\\coder-gyan\\auth-service\\src\\services\\TokenCreation.ts": {"path":"C:\\Users\\szb84\\OneDrive\\Desktop\\Github Projects\\coder-gyan\\auth-service\\src\\services\\TokenCreation.ts","statementMap":{"0":{"start":{"line":7,"column":35},"end":{"line":26,"column":1}},"1":{"start":{"line":9,"column":23},"end":{"line":9,"column":48}},"2":{"start":{"line":10,"column":4},"end":{"line":12,"column":5}},"3":{"start":{"line":11,"column":8},"end":{"line":11,"column":50}},"4":{"start":{"line":15,"column":24},"end":{"line":19,"column":6}},"5":{"start":{"line":21,"column":4},"end":{"line":25,"column":7}},"6":{"start":{"line":28,"column":36},"end":{"line":61,"column":1}},"7":{"start":{"line":33,"column":31},"end":{"line":33,"column":58}},"8":{"start":{"line":35,"column":4},"end":{"line":37,"column":5}},"9":{"start":{"line":36,"column":8},"end":{"line":36,"column":59}},"10":{"start":{"line":39,"column":18},"end":{"line":43,"column":6}},"11":{"start":{"line":45,"column":23},"end":{"line":48,"column":6}},"12":{"start":{"line":50,"column":25},"end":{"line":54,"column":6}},"13":{"start":{"line":56,"column":4},"end":{"line":60,"column":7}}},"fnMap":{"0":{"name":"(anonymous_0)","decl":{"start":{"line":7,"column":35},"end":{"line":7,"column":36}},"loc":{"start":{"line":7,"column":74},"end":{"line":26,"column":1}}},"1":{"name":"(anonymous_1)","decl":{"start":{"line":28,"column":36},"end":{"line":28,"column":41}},"loc":{"start":{"line":31,"column":4},"end":{"line":61,"column":1}}}},"branchMap":{"0":{"loc":{"start":{"line":10,"column":4},"end":{"line":12,"column":5}},"type":"if","locations":[{"start":{"line":10,"column":4},"end":{"line":12,"column":5}},{"start":{},"end":{}}]},"1":{"loc":{"start":{"line":35,"column":4},"end":{"line":37,"column":5}},"type":"if","locations":[{"start":{"line":35,"column":4},"end":{"line":37,"column":5}},{"start":{},"end":{}}]}},"s":{"0":11,"1":10,"2":10,"3":0,"4":10,"5":10,"6":11,"7":10,"8":10,"9":0,"10":10,"11":10,"12":10,"13":10},"f":{"0":10,"1":10},"b":{"0":[0,10],"1":[0,10]}}
,"C:\\Users\\szb84\\OneDrive\\Desktop\\Github Projects\\coder-gyan\\auth-service\\src\\services\\WhoCanAccess.ts": {"path":"C:\\Users\\szb84\\OneDrive\\Desktop\\Github Projects\\coder-gyan\\auth-service\\src\\services\\WhoCanAccess.ts","statementMap":{"0":{"start":{"line":5,"column":21},"end":{"line":20,"column":1}},"1":{"start":{"line":6,"column":4},"end":{"line":19,"column":6}},"2":{"start":{"line":7,"column":20},"end":{"line":7,"column":44}},"3":{"start":{"line":9,"column":8},"end":{"line":18,"column":9}},"4":{"start":{"line":10,"column":12},"end":{"line":10,"column":19}},"5":{"start":{"line":12,"column":12},"end":{"line":17,"column":14}}},"fnMap":{"0":{"name":"(anonymous_0)","decl":{"start":{"line":5,"column":21},"end":{"line":5,"column":22}},"loc":{"start":{"line":5,"column":41},"end":{"line":20,"column":1}}},"1":{"name":"(anonymous_1)","decl":{"start":{"line":6,"column":11},"end":{"line":6,"column":12}},"loc":{"start":{"line":6,"column":67},"end":{"line":19,"column":5}}}},"branchMap":{"0":{"loc":{"start":{"line":9,"column":8},"end":{"line":18,"column":9}},"type":"if","locations":[{"start":{"line":9,"column":8},"end":{"line":18,"column":9}},{"start":{"line":11,"column":15},"end":{"line":18,"column":9}}]}},"s":{"0":11,"1":110,"2":14,"3":14,"4":13,"5":1},"f":{"0":110,"1":14},"b":{"0":[13,1]}}
,"C:\\Users\\szb84\\OneDrive\\Desktop\\Github Projects\\coder-gyan\\auth-service\\src\\utils\\index.ts": {"path":"C:\\Users\\szb84\\OneDrive\\Desktop\\Github Projects\\coder-gyan\\auth-service\\src\\utils\\index.ts","statementMap":{"0":{"start":{"line":1,"column":21},"end":{"line":20,"column":1}},"1":{"start":{"line":2,"column":4},"end":{"line":4,"column":5}},"2":{"start":{"line":3,"column":8},"end":{"line":3,"column":21}},"3":{"start":{"line":6,"column":19},"end":{"line":6,"column":35}},"4":{"start":{"line":8,"column":4},"end":{"line":10,"column":5}},"5":{"start":{"line":9,"column":8},"end":{"line":9,"column":21}},"6":{"start":{"line":11,"column":4},"end":{"line":19,"column":5}},"7":{"start":{"line":12,"column":8},"end":{"line":14,"column":11}},"8":{"start":{"line":13,"column":12},"end":{"line":13,"column":59}},"9":{"start":{"line":15,"column":8},"end":{"line":15,"column":20}},"10":{"start":{"line":17,"column":28},"end":{"line":17,"column":83}},"11":{"start":{"line":18,"column":8},"end":{"line":18,"column":21}},"12":{"start":{"line":27,"column":85},"end":{"line":27,"column":46000}},"13":{"start":{"line":27,"column":89},"end":{"line":27,"column":45972}},"14":{"start":{"line":27,"column":45982},"end":{"line":27,"column":45999}},"15":{"start":{"line":27,"column":46115},"end":{"line":27,"column":46121}},"16":{"start":{"line":27,"column":46236},"end":{"line":27,"column":46242}},"17":{"start":{"line":27,"column":46357},"end":{"line":27,"column":46363}},"18":{"start":{"line":27,"column":46482},"end":{"line":27,"column":46488}},"19":{"start":{"line":27,"column":46632},"end":{"line":27,"column":46638}}},"fnMap":{"0":{"name":"(anonymous_0)","decl":{"start":{"line":1,"column":21},"end":{"line":1,"column":22}},"loc":{"start":{"line":1,"column":46},"end":{"line":20,"column":1}}},"1":{"name":"(anonymous_1)","decl":{"start":{"line":12,"column":23},"end":{"line":12,"column":24}},"loc":{"start":{"line":12,"column":33},"end":{"line":14,"column":9}}},"2":{"name":"oo_cm","decl":{"start":{"line":27,"column":77},"end":{"line":27,"column":82}},"loc":{"start":{"line":27,"column":82},"end":{"line":27,"column":46001}}}},"branchMap":{"0":{"loc":{"start":{"line":2,"column":4},"end":{"line":4,"column":5}},"type":"if","locations":[{"start":{"line":2,"column":4},"end":{"line":4,"column":5}},{"start":{},"end":{}}]},"1":{"loc":{"start":{"line":8,"column":4},"end":{"line":10,"column":5}},"type":"if","locations":[{"start":{"line":8,"column":4},"end":{"line":10,"column":5}},{"start":{},"end":{}}]},"2":{"loc":{"start":{"line":27,"column":96},"end":{"line":27,"column":45971}},"type":"binary-expr","locations":[{"start":{"line":27,"column":96},"end":{"line":27,"column":133}},{"start":{"line":27,"column":137},"end":{"line":27,"column":45971}}]}},"s":{"0":2,"1":4,"2":0,"3":4,"4":4,"5":0,"6":4,"7":4,"8":12,"9":4,"10":0,"11":0,"12":0,"13":0,"14":0,"15":2,"16":2,"17":2,"18":2,"19":2},"f":{"0":4,"1":12,"2":0},"b":{"0":[0,4],"1":[0,4],"2":[0,0]}}
,"C:\\Users\\szb84\\OneDrive\\Desktop\\Github Projects\\coder-gyan\\auth-service\\src\\validator\\tenant\\create-tenant.ts": {"path":"C:\\Users\\szb84\\OneDrive\\Desktop\\Github Projects\\coder-gyan\\auth-service\\src\\validator\\tenant\\create-tenant.ts","statementMap":{"0":{"start":{"line":3,"column":33},"end":{"line":23,"column":2}}},"fnMap":{},"branchMap":{},"s":{"0":11},"f":{},"b":{}}
,"C:\\Users\\szb84\\OneDrive\\Desktop\\Github Projects\\coder-gyan\\auth-service\\src\\validator\\tenant\\update-tenant.ts": {"path":"C:\\Users\\szb84\\OneDrive\\Desktop\\Github Projects\\coder-gyan\\auth-service\\src\\validator\\tenant\\update-tenant.ts","statementMap":{"0":{"start":{"line":3,"column":31},"end":{"line":21,"column":2}}},"fnMap":{},"branchMap":{},"s":{"0":11},"f":{},"b":{}}
,"C:\\Users\\szb84\\OneDrive\\Desktop\\Github Projects\\coder-gyan\\auth-service\\src\\validator\\user\\login-user.ts": {"path":"C:\\Users\\szb84\\OneDrive\\Desktop\\Github Projects\\coder-gyan\\auth-service\\src\\validator\\user\\login-user.ts","statementMap":{"0":{"start":{"line":3,"column":15},"end":{"line":20,"column":2}}},"fnMap":{},"branchMap":{},"s":{"0":11},"f":{},"b":{}}
}
