TN:
SF:src\app.ts
FN:16,(anonymous_0)
FN:25,(anonymous_1)
FNF:2
FNH:1
FNDA:0,(anonymous_0)
FNDA:3,(anonymous_1)
DA:12,11
DA:13,11
DA:14,11
DA:16,11
DA:17,0
DA:20,11
DA:21,11
DA:22,11
DA:25,11
DA:26,3
DA:28,3
LF:11
LH:10
BRDA:26,0,0,3
BRDA:26,0,1,0
BRDA:28,1,0,3
BRDA:28,1,1,0
BRDA:31,2,0,3
BRDA:31,2,1,0
BRF:6
BRH:3
end_of_record
TN:
SF:src\config\db.ts
FNF:0
FNH:0
DA:7,13
DA:8,13
DA:9,1
DA:12,12
DA:13,12
LF:5
LH:5
BRDA:8,0,0,1
BRDA:8,0,1,12
BRDA:8,1,0,13
BRDA:8,1,1,12
BRF:4
BRH:4
end_of_record
TN:
SF:src\config\index.ts
FNF:0
FNH:0
DA:3,12
DA:13,12
LF:2
LH:2
BRF:0
BRH:0
end_of_record
TN:
SF:src\config\logger.ts
FNF:0
FNH:0
DA:3,11
LF:1
LH:1
BRF:0
BRH:0
end_of_record
TN:
SF:src\controller\member.ts
FN:7,(anonymous_0)
FN:47,(anonymous_1)
FN:82,(anonymous_2)
FN:123,(anonymous_3)
FN:180,(anonymous_4)
FNF:5
FNH:5
FNDA:4,(anonymous_0)
FNDA:3,(anonymous_1)
FNDA:3,(anonymous_2)
FNDA:5,(anonymous_3)
FNDA:3,(anonymous_4)
DA:7,12
DA:12,4
DA:13,4
DA:15,4
DA:16,2
DA:17,2
DA:20,2
DA:22,2
DA:38,2
DA:42,0
DA:43,0
DA:47,12
DA:52,3
DA:53,3
DA:55,3
DA:68,3
DA:69,1
DA:70,1
DA:73,2
DA:77,0
DA:78,0
DA:82,12
DA:87,3
DA:88,3
DA:90,3
DA:103,3
DA:104,1
DA:105,1
DA:108,2
DA:114,2
DA:118,0
DA:119,0
DA:123,12
DA:128,5
DA:129,5
DA:130,5
DA:132,5
DA:133,2
DA:134,2
DA:137,3
DA:150,3
DA:151,1
DA:152,1
DA:155,2
DA:171,2
DA:176,0
DA:177,0
DA:180,12
DA:185,3
DA:186,3
DA:190,3
DA:191,1
DA:192,1
DA:195,2
DA:200,0
DA:201,0
LF:56
LH:46
BRDA:15,0,0,2
BRDA:15,0,1,2
BRDA:15,1,0,4
BRDA:15,1,1,4
BRDA:15,1,2,3
BRDA:68,2,0,1
BRDA:68,2,1,2
BRDA:103,3,0,1
BRDA:103,3,1,2
BRDA:132,4,0,2
BRDA:132,4,1,3
BRDA:132,5,0,5
BRDA:132,5,1,2
BRDA:150,6,0,1
BRDA:150,6,1,2
BRDA:190,7,0,1
BRDA:190,7,1,2
BRF:17
BRH:17
end_of_record
TN:
SF:src\controller\tenant.ts
FN:5,(anonymous_0)
FN:31,(anonymous_1)
FN:50,(anonymous_2)
FN:96,(anonymous_3)
FN:130,(anonymous_4)
FNF:5
FNH:5
FNDA:3,(anonymous_0)
FNDA:3,(anonymous_1)
FNDA:6,(anonymous_2)
FNDA:4,(anonymous_3)
FNDA:4,(anonymous_4)
DA:5,12
DA:10,3
DA:11,3
DA:12,3
DA:13,1
DA:14,1
DA:17,2
DA:24,2
DA:26,0
DA:27,0
DA:31,12
DA:36,3
DA:37,3
DA:39,3
DA:40,1
DA:43,3
DA:45,0
DA:46,0
DA:50,12
DA:55,6
DA:56,6
DA:57,6
DA:59,6
DA:60,1
DA:61,1
DA:64,5
DA:65,1
DA:66,1
DA:69,4
DA:75,4
DA:76,1
DA:77,1
DA:82,3
DA:90,3
DA:92,0
DA:93,0
DA:96,12
DA:101,4
DA:102,4
DA:104,4
DA:105,1
DA:106,1
DA:109,3
DA:115,3
DA:116,1
DA:117,1
DA:122,2
DA:124,2
DA:126,0
DA:127,0
DA:130,12
DA:135,4
DA:136,4
DA:138,4
DA:139,1
DA:140,1
DA:143,3
DA:149,3
DA:150,1
DA:151,1
DA:154,2
DA:156,0
DA:157,0
LF:63
LH:53
BRDA:12,0,0,1
BRDA:12,0,1,2
BRDA:12,1,0,3
BRDA:12,1,1,3
BRDA:39,2,0,1
BRDA:39,2,1,2
BRDA:59,3,0,1
BRDA:59,3,1,5
BRDA:59,4,0,6
BRDA:59,4,1,1
BRDA:64,5,0,1
BRDA:64,5,1,4
BRDA:75,6,0,1
BRDA:75,6,1,3
BRDA:104,7,0,1
BRDA:104,7,1,3
BRDA:115,8,0,1
BRDA:115,8,1,2
BRDA:138,9,0,1
BRDA:138,9,1,3
BRDA:149,10,0,1
BRDA:149,10,1,2
BRF:22
BRH:22
end_of_record
TN:
SF:src\controller\user.ts
FN:12,(anonymous_0)
FN:76,(anonymous_1)
FN:146,(anonymous_2)
FN:163,(anonymous_3)
FN:222,(anonymous_4)
FNF:5
FNH:5
FNDA:12,(anonymous_0)
FNDA:7,(anonymous_1)
FNDA:3,(anonymous_2)
FNDA:5,(anonymous_3)
FNDA:2,(anonymous_4)
DA:12,12
DA:17,12
DA:19,12
DA:20,12
DA:21,4
DA:27,8
DA:29,8
DA:30,1
DA:36,7
DA:39,7
DA:53,7
DA:58,7
DA:59,7
DA:67,7
DA:72,0
DA:76,12
DA:81,7
DA:83,7
DA:84,7
DA:85,1
DA:91,6
DA:94,6
DA:100,6
DA:101,1
DA:102,1
DA:106,5
DA:108,5
DA:109,1
DA:110,1
DA:115,4
DA:121,4
DA:127,4
DA:128,4
DA:136,4
DA:141,0
DA:142,0
DA:146,12
DA:151,3
DA:152,3
DA:153,3
DA:154,1
DA:156,2
DA:158,0
DA:159,0
DA:163,12
DA:168,5
DA:169,5
DA:170,5
DA:176,5
DA:177,1
DA:178,1
DA:182,4
DA:183,3
DA:189,1
DA:190,1
DA:193,3
DA:194,1
DA:195,1
DA:200,2
DA:206,2
DA:212,2
DA:213,2
DA:215,2
DA:217,0
DA:218,0
DA:222,12
DA:227,2
DA:228,2
DA:230,2
DA:237,2
DA:238,2
DA:240,2
DA:242,0
DA:243,0
LF:74
LH:65
BRDA:20,0,0,4
BRDA:20,0,1,8
BRDA:29,1,0,1
BRDA:29,1,1,7
BRDA:29,2,0,8
BRDA:29,2,1,8
BRDA:29,2,2,7
BRDA:84,3,0,1
BRDA:84,3,1,6
BRDA:100,4,0,1
BRDA:100,4,1,5
BRDA:108,5,0,1
BRDA:108,5,1,4
BRDA:153,6,0,1
BRDA:153,6,1,2
BRDA:176,7,0,1
BRDA:176,7,1,4
BRDA:182,8,0,3
BRDA:182,8,1,1
BRDA:193,9,0,1
BRDA:193,9,1,2
BRF:21
BRH:21
end_of_record
TN:
SF:src\generated\prisma\client.ts
FNF:0
FNH:0
DA:16,11
DA:40,11
LF:2
LH:2
BRF:0
BRH:0
end_of_record
TN:
SF:src\generated\prisma\enums.ts
FNF:0
FNH:0
DA:12,13
LF:1
LH:1
BRF:0
BRH:0
end_of_record
TN:
SF:src\generated\prisma\internal\class.ts
FN:41,decodeBase64AsWasm
FN:48,(anonymous_1)
FN:50,(anonymous_2)
FN:222,getPrismaClientClass
FNF:4
FNH:4
FNDA:11,decodeBase64AsWasm
FNDA:11,(anonymous_1)
FNDA:11,(anonymous_2)
FNDA:11,getPrismaClientClass
DA:18,11
DA:35,11
DA:36,11
DA:42,11
DA:43,11
DA:44,11
DA:47,11
DA:48,11
DA:51,11
DA:52,11
DA:223,11
LF:11
LH:11
BRF:0
BRH:0
end_of_record
TN:
SF:src\generated\prisma\internal\prismaNamespace.ts
FNF:0
FNH:0
DA:32,11
DA:35,11
DA:38,11
DA:41,11
DA:44,11
DA:50,11
DA:51,11
DA:52,11
DA:53,11
DA:54,11
DA:62,11
DA:71,11
DA:86,11
DA:104,11
DA:114,11
DA:121,11
DA:128,11
DA:386,11
DA:660,11
DA:670,11
DA:684,11
DA:694,11
DA:703,11
DA:711,11
DA:719,11
DA:795,11
LF:26
LH:26
BRF:0
BRH:0
end_of_record
TN:
SF:src\middleware\authentication.ts
FN:13,(anonymous_0)
FNF:1
FNH:1
FNDA:19,(anonymous_0)
DA:14,19
DA:15,19
DA:16,1
DA:19,18
DA:21,18
DA:22,17
DA:25,1
LF:7
LH:7
BRDA:15,0,0,1
BRDA:15,0,1,18
BRDA:21,1,0,17
BRDA:21,1,1,1
BRF:4
BRH:4
end_of_record
TN:
SF:src\middleware\parseRefreshToken.ts
FN:8,(anonymous_0)
FNF:1
FNH:1
FNDA:1,(anonymous_0)
DA:9,1
DA:10,1
LF:2
LH:2
BRF:0
BRH:0
end_of_record
TN:
SF:src\middleware\tokenValidation.ts
FN:9,(anonymous_0)
FN:13,(anonymous_1)
FNF:2
FNH:2
FNDA:1,(anonymous_0)
FNDA:1,(anonymous_1)
DA:10,1
DA:11,1
DA:14,1
DA:20,1
LF:4
LH:4
BRF:0
BRH:0
end_of_record
TN:
SF:src\routes\member.routes.ts
FNF:0
FNH:0
DA:14,11
DA:16,11
DA:22,11
DA:28,11
DA:34,11
DA:40,11
LF:6
LH:6
BRF:0
BRH:0
end_of_record
TN:
SF:src\routes\tenant.routes.ts
FNF:0
FNH:0
DA:16,11
DA:18,11
DA:25,11
DA:26,11
DA:33,11
DA:39,11
LF:6
LH:6
BRF:0
BRH:0
end_of_record
TN:
SF:src\routes\user.routes.ts
FNF:0
FNH:0
DA:16,11
DA:18,11
DA:19,11
DA:20,11
DA:21,11
DA:22,11
LF:6
LH:6
BRF:0
BRH:0
end_of_record
TN:
SF:src\services\HashMatchPass.ts
FN:3,(anonymous_0)
FNF:1
FNH:1
FNDA:3,(anonymous_0)
DA:3,11
DA:7,3
LF:2
LH:2
BRF:0
BRH:0
end_of_record
TN:
SF:src\services\TokenCreation.ts
FN:7,(anonymous_0)
FN:28,(anonymous_1)
FNF:2
FNH:2
FNDA:12,(anonymous_0)
FNDA:12,(anonymous_1)
DA:7,12
DA:9,12
DA:10,12
DA:11,1
DA:15,11
DA:21,11
DA:28,12
DA:33,12
DA:35,12
DA:36,1
DA:39,11
DA:45,11
DA:50,11
DA:56,11
LF:14
LH:14
BRDA:10,0,0,1
BRDA:10,0,1,11
BRDA:35,1,0,1
BRDA:35,1,1,11
BRF:4
BRH:4
end_of_record
TN:
SF:src\services\WhoCanAccess.ts
FN:5,(anonymous_0)
FN:6,(anonymous_1)
FNF:2
FNH:2
FNDA:110,(anonymous_0)
FNDA:14,(anonymous_1)
DA:5,11
DA:6,110
DA:7,14
DA:9,14
DA:10,13
DA:12,1
LF:6
LH:6
BRDA:9,0,0,13
BRDA:9,0,1,1
BRF:2
BRH:2
end_of_record
TN:
SF:src\utils\index.ts
FN:1,(anonymous_0)
FN:12,(anonymous_1)
FN:27,oo_cm
FNF:3
FNH:3
FNDA:8,(anonymous_0)
FNDA:16,(anonymous_1)
FNDA:1,oo_cm
DA:1,3
DA:2,8
DA:3,1
DA:6,7
DA:8,7
DA:9,1
DA:11,6
DA:12,6
DA:13,16
DA:15,5
DA:17,1
DA:18,1
DA:27,3
LF:13
LH:13
BRDA:2,0,0,1
BRDA:2,0,1,7
BRDA:8,1,0,1
BRDA:8,1,1,6
BRDA:27,2,0,1
BRDA:27,2,1,1
BRF:6
BRH:6
end_of_record
TN:
SF:src\validator\tenant\create-tenant.ts
FNF:0
FNH:0
DA:3,11
LF:1
LH:1
BRF:0
BRH:0
end_of_record
TN:
SF:src\validator\tenant\update-tenant.ts
FNF:0
FNH:0
DA:3,11
LF:1
LH:1
BRF:0
BRH:0
end_of_record
TN:
SF:src\validator\user\login-user.ts
FNF:0
FNH:0
DA:3,11
LF:1
LH:1
BRF:0
BRH:0
end_of_record
