TN:
SF:src\app.ts
FN:16,(anonymous_0)
FN:25,(anonymous_1)
FNF:2
FNH:1
FNDA:0,(anonymous_0)
FNDA:3,(anonymous_1)
DA:12,11
DA:13,11
DA:14,11
DA:16,11
DA:17,0
DA:20,11
DA:21,11
DA:22,11
DA:25,11
DA:26,3
DA:28,3
LF:11
LH:10
BRDA:26,0,0,3
BRDA:26,0,1,0
BRDA:28,1,0,3
BRDA:28,1,1,0
BRDA:31,2,0,3
BRDA:31,2,1,0
BRF:6
BRH:3
end_of_record
TN:
SF:src\config\db.ts
FNF:0
FNH:0
DA:7,11
DA:8,11
DA:9,0
DA:12,11
DA:13,11
LF:5
LH:4
BRDA:8,0,0,0
BRDA:8,0,1,11
BRDA:8,1,0,11
BRDA:8,1,1,11
BRF:4
BRH:3
end_of_record
TN:
SF:src\config\index.ts
FNF:0
FNH:0
DA:3,11
DA:13,11
LF:2
LH:2
BRF:0
BRH:0
end_of_record
TN:
SF:src\config\logger.ts
FNF:0
FNH:0
DA:3,11
LF:1
LH:1
BRF:0
BRH:0
end_of_record
TN:
SF:src\controller\member.ts
FN:7,(anonymous_0)
FN:47,(anonymous_1)
FN:82,(anonymous_2)
FN:123,(anonymous_3)
FN:180,(anonymous_4)
FNF:5
FNH:5
FNDA:2,(anonymous_0)
FNDA:1,(anonymous_1)
FNDA:1,(anonymous_2)
FNDA:2,(anonymous_3)
FNDA:1,(anonymous_4)
DA:7,11
DA:12,2
DA:13,2
DA:15,2
DA:16,1
DA:17,1
DA:20,1
DA:22,1
DA:38,1
DA:42,0
DA:43,0
DA:47,11
DA:52,1
DA:53,1
DA:55,1
DA:68,1
DA:69,0
DA:70,0
DA:73,1
DA:77,0
DA:78,0
DA:82,11
DA:87,1
DA:88,1
DA:90,1
DA:103,1
DA:104,0
DA:105,0
DA:108,1
DA:114,1
DA:118,0
DA:119,0
DA:123,11
DA:128,2
DA:129,2
DA:130,2
DA:132,2
DA:133,1
DA:134,1
DA:137,1
DA:150,1
DA:151,0
DA:152,0
DA:155,1
DA:171,1
DA:176,0
DA:177,0
DA:180,11
DA:185,1
DA:186,1
DA:190,1
DA:191,0
DA:192,0
DA:195,1
DA:200,0
DA:201,0
LF:56
LH:38
BRDA:15,0,0,1
BRDA:15,0,1,1
BRDA:15,1,0,2
BRDA:15,1,1,2
BRDA:15,1,2,2
BRDA:68,2,0,0
BRDA:68,2,1,1
BRDA:103,3,0,0
BRDA:103,3,1,1
BRDA:132,4,0,1
BRDA:132,4,1,1
BRDA:132,5,0,2
BRDA:132,5,1,1
BRDA:150,6,0,0
BRDA:150,6,1,1
BRDA:190,7,0,0
BRDA:190,7,1,1
BRF:17
BRH:13
end_of_record
TN:
SF:src\controller\tenant.ts
FN:5,(anonymous_0)
FN:31,(anonymous_1)
FN:50,(anonymous_2)
FN:96,(anonymous_3)
FN:130,(anonymous_4)
FNF:5
FNH:5
FNDA:1,(anonymous_0)
FNDA:1,(anonymous_1)
FNDA:2,(anonymous_2)
FNDA:1,(anonymous_3)
FNDA:1,(anonymous_4)
DA:5,11
DA:10,1
DA:11,1
DA:12,1
DA:13,0
DA:14,0
DA:17,1
DA:24,1
DA:26,0
DA:27,0
DA:31,11
DA:36,1
DA:37,1
DA:39,1
DA:40,0
DA:43,1
DA:45,0
DA:46,0
DA:50,11
DA:55,2
DA:56,2
DA:57,2
DA:59,2
DA:60,0
DA:61,0
DA:64,2
DA:65,0
DA:66,0
DA:69,2
DA:75,2
DA:76,0
DA:77,0
DA:82,2
DA:90,2
DA:92,0
DA:93,0
DA:96,11
DA:101,1
DA:102,1
DA:104,1
DA:105,0
DA:106,0
DA:109,1
DA:115,1
DA:116,0
DA:117,0
DA:122,1
DA:124,1
DA:126,0
DA:127,0
DA:130,11
DA:135,1
DA:136,1
DA:138,1
DA:139,0
DA:140,0
DA:143,1
DA:149,1
DA:150,0
DA:151,0
DA:154,1
DA:156,0
DA:157,0
LF:63
LH:36
BRDA:12,0,0,0
BRDA:12,0,1,1
BRDA:12,1,0,1
BRDA:12,1,1,1
BRDA:39,2,0,0
BRDA:39,2,1,1
BRDA:59,3,0,0
BRDA:59,3,1,2
BRDA:59,4,0,2
BRDA:59,4,1,0
BRDA:64,5,0,0
BRDA:64,5,1,2
BRDA:75,6,0,0
BRDA:75,6,1,2
BRDA:104,7,0,0
BRDA:104,7,1,1
BRDA:115,8,0,0
BRDA:115,8,1,1
BRDA:138,9,0,0
BRDA:138,9,1,1
BRDA:149,10,0,0
BRDA:149,10,1,1
BRF:22
BRH:12
end_of_record
TN:
SF:src\controller\user.ts
FN:12,(anonymous_0)
FN:76,(anonymous_1)
FN:146,(anonymous_2)
FN:163,(anonymous_3)
FN:222,(anonymous_4)
FNF:5
FNH:5
FNDA:9,(anonymous_0)
FNDA:3,(anonymous_1)
FNDA:1,(anonymous_2)
FNDA:1,(anonymous_3)
FNDA:1,(anonymous_4)
DA:12,11
DA:17,9
DA:19,9
DA:20,9
DA:21,3
DA:27,6
DA:29,6
DA:30,0
DA:36,6
DA:39,6
DA:53,6
DA:58,6
DA:59,6
DA:67,6
DA:72,0
DA:76,11
DA:81,3
DA:83,3
DA:84,3
DA:85,0
DA:91,3
DA:94,3
DA:100,3
DA:101,0
DA:102,0
DA:106,3
DA:108,3
DA:109,0
DA:110,0
DA:115,3
DA:121,3
DA:127,3
DA:128,3
DA:136,3
DA:141,0
DA:142,0
DA:146,11
DA:151,1
DA:152,1
DA:153,1
DA:154,0
DA:156,1
DA:158,0
DA:159,0
DA:163,11
DA:168,1
DA:169,1
DA:170,1
DA:176,1
DA:177,0
DA:178,0
DA:182,1
DA:183,1
DA:189,0
DA:190,0
DA:193,1
DA:194,0
DA:195,0
DA:200,1
DA:206,1
DA:212,1
DA:213,1
DA:215,1
DA:217,0
DA:218,0
DA:222,11
DA:227,1
DA:228,1
DA:230,1
DA:237,1
DA:238,1
DA:240,1
DA:242,0
DA:243,0
LF:74
LH:52
BRDA:20,0,0,3
BRDA:20,0,1,6
BRDA:29,1,0,0
BRDA:29,1,1,6
BRDA:29,2,0,6
BRDA:29,2,1,6
BRDA:29,2,2,6
BRDA:84,3,0,0
BRDA:84,3,1,3
BRDA:100,4,0,0
BRDA:100,4,1,3
BRDA:108,5,0,0
BRDA:108,5,1,3
BRDA:153,6,0,0
BRDA:153,6,1,1
BRDA:176,7,0,0
BRDA:176,7,1,1
BRDA:182,8,0,1
BRDA:182,8,1,0
BRDA:193,9,0,0
BRDA:193,9,1,1
BRF:21
BRH:13
end_of_record
TN:
SF:src\generated\prisma\client.ts
FNF:0
FNH:0
DA:16,11
DA:40,11
LF:2
LH:2
BRF:0
BRH:0
end_of_record
TN:
SF:src\generated\prisma\enums.ts
FNF:0
FNH:0
DA:12,11
LF:1
LH:1
BRF:0
BRH:0
end_of_record
TN:
SF:src\generated\prisma\internal\class.ts
FN:41,decodeBase64AsWasm
FN:48,(anonymous_1)
FN:50,(anonymous_2)
FN:222,getPrismaClientClass
FNF:4
FNH:4
FNDA:11,decodeBase64AsWasm
FNDA:11,(anonymous_1)
FNDA:11,(anonymous_2)
FNDA:11,getPrismaClientClass
DA:18,11
DA:35,11
DA:36,11
DA:42,11
DA:43,11
DA:44,11
DA:47,11
DA:48,11
DA:51,11
DA:52,11
DA:223,11
LF:11
LH:11
BRF:0
BRH:0
end_of_record
TN:
SF:src\generated\prisma\internal\prismaNamespace.ts
FNF:0
FNH:0
DA:32,11
DA:35,11
DA:38,11
DA:41,11
DA:44,11
DA:50,11
DA:51,11
DA:52,11
DA:53,11
DA:54,11
DA:62,11
DA:71,11
DA:86,11
DA:104,11
DA:114,11
DA:121,11
DA:128,11
DA:386,11
DA:660,11
DA:670,11
DA:684,11
DA:694,11
DA:703,11
DA:711,11
DA:719,11
DA:795,11
LF:26
LH:26
BRF:0
BRH:0
end_of_record
TN:
SF:src\middleware\authentication.ts
FN:13,(anonymous_0)
FNF:1
FNH:1
FNDA:16,(anonymous_0)
DA:14,16
DA:15,16
DA:16,0
DA:19,16
DA:21,16
DA:22,16
DA:25,0
LF:7
LH:5
BRDA:15,0,0,0
BRDA:15,0,1,16
BRDA:21,1,0,16
BRDA:21,1,1,0
BRF:4
BRH:2
end_of_record
TN:
SF:src\middleware\parseRefreshToken.ts
FN:8,(anonymous_0)
FNF:1
FNH:1
FNDA:1,(anonymous_0)
DA:9,1
DA:10,1
LF:2
LH:2
BRF:0
BRH:0
end_of_record
TN:
SF:src\middleware\tokenValidation.ts
FN:9,(anonymous_0)
FN:13,(anonymous_1)
FNF:2
FNH:2
FNDA:1,(anonymous_0)
FNDA:1,(anonymous_1)
DA:10,1
DA:11,1
DA:14,1
DA:20,1
LF:4
LH:4
BRF:0
BRH:0
end_of_record
TN:
SF:src\routes\member.routes.ts
FNF:0
FNH:0
DA:14,11
DA:16,11
DA:22,11
DA:28,11
DA:34,11
DA:40,11
LF:6
LH:6
BRF:0
BRH:0
end_of_record
TN:
SF:src\routes\tenant.routes.ts
FNF:0
FNH:0
DA:16,11
DA:18,11
DA:25,11
DA:26,11
DA:33,11
DA:39,11
LF:6
LH:6
BRF:0
BRH:0
end_of_record
TN:
SF:src\routes\user.routes.ts
FNF:0
FNH:0
DA:16,11
DA:18,11
DA:19,11
DA:20,11
DA:21,11
DA:22,11
LF:6
LH:6
BRF:0
BRH:0
end_of_record
TN:
SF:src\services\HashMatchPass.ts
FN:3,(anonymous_0)
FNF:1
FNH:1
FNDA:3,(anonymous_0)
DA:3,11
DA:7,3
LF:2
LH:2
BRF:0
BRH:0
end_of_record
TN:
SF:src\services\TokenCreation.ts
FN:7,(anonymous_0)
FN:28,(anonymous_1)
FNF:2
FNH:2
FNDA:10,(anonymous_0)
FNDA:10,(anonymous_1)
DA:7,11
DA:9,10
DA:10,10
DA:11,0
DA:15,10
DA:21,10
DA:28,11
DA:33,10
DA:35,10
DA:36,0
DA:39,10
DA:45,10
DA:50,10
DA:56,10
LF:14
LH:12
BRDA:10,0,0,0
BRDA:10,0,1,10
BRDA:35,1,0,0
BRDA:35,1,1,10
BRF:4
BRH:2
end_of_record
TN:
SF:src\services\WhoCanAccess.ts
FN:5,(anonymous_0)
FN:6,(anonymous_1)
FNF:2
FNH:2
FNDA:110,(anonymous_0)
FNDA:14,(anonymous_1)
DA:5,11
DA:6,110
DA:7,14
DA:9,14
DA:10,13
DA:12,1
LF:6
LH:6
BRDA:9,0,0,13
BRDA:9,0,1,1
BRF:2
BRH:2
end_of_record
TN:
SF:src\utils\index.ts
FN:1,(anonymous_0)
FN:12,(anonymous_1)
FN:27,oo_cm
FNF:3
FNH:2
FNDA:4,(anonymous_0)
FNDA:12,(anonymous_1)
FNDA:0,oo_cm
DA:1,2
DA:2,4
DA:3,0
DA:6,4
DA:8,4
DA:9,0
DA:11,4
DA:12,4
DA:13,12
DA:15,4
DA:17,0
DA:18,0
DA:27,2
LF:13
LH:9
BRDA:2,0,0,0
BRDA:2,0,1,4
BRDA:8,1,0,0
BRDA:8,1,1,4
BRDA:27,2,0,0
BRDA:27,2,1,0
BRF:6
BRH:2
end_of_record
TN:
SF:src\validator\tenant\create-tenant.ts
FNF:0
FNH:0
DA:3,11
LF:1
LH:1
BRF:0
BRH:0
end_of_record
TN:
SF:src\validator\tenant\update-tenant.ts
FNF:0
FNH:0
DA:3,11
LF:1
LH:1
BRF:0
BRH:0
end_of_record
TN:
SF:src\validator\user\login-user.ts
FNF:0
FNH:0
DA:3,11
LF:1
LH:1
BRF:0
BRH:0
end_of_record
